<?xml version="1.0" encoding="UTF-8"?>
<!-- Generated by org.testng.reporters.JUnitReportReporter -->
<testsuite hostname="Israerls-MacBook-Pro.local" failures="0" tests="1" name="web.SanityTest" time="2.531" errors="0" timestamp="2024-07-14T14:14:47 IDT" skipped="0">
  <testcase classname="web.SanityTest" name="testValidContactUs" time="2.531"/>
</testsuite> <!-- web.SanityTest -->
