<?xml version="1.0" encoding="UTF-8"?>
<!-- Generated by org.testng.reporters.JUnitReportReporter -->
<testsuite hostname="Rafeqs-MacBook-Pro.local" failures="0" tests="1" name="web.SanityTest" time="15.459" errors="0" timestamp="2024-07-21T13:37:46 IDT" skipped="0">
  <testcase classname="web.SanityTest" name="testFilterByPrice" time="15.459"/>
</testsuite> <!-- web.SanityTest -->
